nathan@maggie share $ more hvac.log  |grep  "GETSTATUS reply"
2017-01-11 16:42:32  (00,00)  02 ff 02 01 66 00 02 82 20 18 00 16 00 00 00 00 01 59 0f 00 00 00 00 00 00 d3 03 00 00 59 0f 00 00 00 13 5b GETSTATUS reply 
2017-01-11 16:42:32  (00,00)  02 ff 02 01 66 00 02 82 20 18 00 16 00 00 00 00 01 59 00 00 00 00 00 00 00 d3 03 00 00 59 0f 00 00 00 13 6a GETSTATUS reply 
2017-01-11 16:42:32  (00,00)  02 ff 02 01 66 00 02 82 20 18 00 16 00 00 00 00 01 59 00 00 00 00 00 00 00 d3 03 00 00 59 0f 00 00 00 13 6a GETSTATUS reply 
2017-01-11 17:35:29  (00,00)  02 ff 02 01 66 00 02 82 20 18 00 16 00 00 00 00 02 6d 0f 00 00 00 00 00 00 af 04 00 00 6d 0f 00 00 00 7e e9 GETSTATUS reply 
2017-01-11 17:35:59  (00,00)  02 ff 02 01 66 00 02 82 20 18 00 16 00 00 00 00 02 6d 0f 00 00 00 00 00 00 af 04 00 00 6d 0f 00 00 00 7e e9 GETSTATUS reply 
2017-01-11 17:36:29  (00,00)  02 ff 02 01 66 00 02 82 20 18 00 16 00 00 00 00 02 6d 0f 00 00 00 00 00 00 af 04 00 00 6d 0f 00 00 00 7e e9 GETSTATUS reply 
2017-01-11 17:36:56  (00,00)  02 ff 02 01 66 00 02 82 20 18 00 16 00 00 00 00 02 6d 0f 00 00 00 00 00 00 af 04 00 00 6d 0f 00 00 00 7e e9 GETSTATUS reply 
2017-01-11 17:37:26  (00,00)  02 ff 02 01 66 00 02 82 20 18 00 16 00 00 00 00 02 6d 0f 00 00 00 00 00 00 af 04 00 00 6d 0f 00 00 00 7e e9 GETSTATUS reply 
2017-01-11 17:37:57  (00,00)  02 ff 02 01 66 00 02 82 20 18 00 16 00 00 00 00 02 6d 00 00 00 00 00 00 00 af 04 00 00 6d 0f 00 00 00 7e f8 GETSTATUS reply 
2017-01-11 17:38:27  (00,00)  02 ff 02 01 66 00 02 82 20 18 00 16 00 00 00 00 02 6d 00 00 00 00 00 00 00 af 04 00 00 6d 0f 00 00 00 7e f8 GETSTATUS reply 
2017-01-11 17:38:55  (00,00)  02 ff 02 01 66 00 02 82 20 18 00 16 00 00 00 00 02 6d 00 00 00 00 00 00 00 af 04 00 00 6d 0f 00 00 00 7e f8 GETSTATUS reply 
2017-01-11 17:39:25  (00,00)  02 ff 02 01 66 00 02 82 20 18 00 16 00 00 00 00 02 6d 00 00 00 00 00 00 00 af 04 00 00 6d 0f 00 00 00 7e f8 GETSTATUS reply 
2017-01-11 17:39:56  (00,00)  02 ff 02 01 66 00 02 82 20 18 00 16 00 00 00 00 02 6d 00 00 00 00 00 00 00 af 04 00 00 6d 0f 00 00 00 7e f8 GETSTATUS reply 
2017-01-11 17:40:26  (00,00)  02 ff 02 01 66 00 02 82 20 18 00 16 00 00 00 00 02 6d 0f 00 00 00 00 00 00 af 04 00 00 6d 0f 00 00 00 7e e9 GETSTATUS reply 
2017-01-11 17:40:55  (00,00)  02 ff 02 01 66 00 02 82 20 18 00 16 00 00 00 00 02 6d 00 00 00 00 00 00 00 af 04 00 00 6d 0f 00 00 00 7e f8 GETSTATUS reply 
2017-01-11 17:41:25  (00,00)  02 ff 02 01 66 00 02 82 20 18 00 16 00 00 00 00 02 6d 00 00 00 00 00 00 00 af 04 00 00 6d 0f 00 00 00 7e f8 GETSTATUS reply 
2017-01-11 17:41:57  (00,00)  02 ff 02 01 66 00 02 82 20 18 00 16 00 00 00 00 02 6d 00 00 00 00 00 00 00 af 04 00 00 6d 0f 00 00 00 7e f8 GETSTATUS reply 
2017-01-11 17:42:27  (00,00)  02 ff 02 01 66 00 02 82 20 18 00 16 00 00 00 00 02 6d 00 00 00 00 00 00 00 af 04 00 00 6d 0f 00 00 00 7e f8 GETSTATUS reply 
2017-01-11 17:42:58  (00,00)  02 ff 02 01 66 00 02 82 20 18 00 16 00 00 00 00 02 6d 00 00 00 00 00 00 00 af 04 00 00 6d 0f 00 00 00 7e f8 GETSTATUS reply 
2017-01-11 17:43:26  (00,00)  02 ff 02 01 66 00 02 82 20 18 00 16 00 00 00 00 02 6d 00 00 00 00 00 00 00 af 04 00 00 6d 0f 00 00 00 7e f8 GETSTATUS reply 
2017-01-11 17:43:56  (00,00)  02 ff 02 01 66 00 02 82 20 18 00 16 00 00 00 00 02 36 0f 00 00 00 00 00 00 52 02 00 00 36 0f 00 00 00 63 d2 GETSTATUS reply 
2017-01-11 18:42:13  (00,00)  02 ff 02 01 66 00 02 82 20 18 00 16 00 00 00 00 02 6d 0f 00 00 00 00 00 00 af 04 00 00 6d 0f 00 00 00 7e e9 GETSTATUS reply 
2017-01-11 18:42:43  (00,00)  02 ff 02 01 66 00 02 82 20 18 00 16 00 00 00 00 02 6d 0f 00 00 00 00 00 00 af 04 00 00 6d 0f 00 00 00 7e e9 GETSTATUS reply 
2017-01-11 18:43:13  (00,00)  02 ff 02 01 66 00 02 82 20 18 00 16 00 00 00 00 02 6d 0f 00 00 00 00 00 00 af 04 00 00 6d 0f 00 00 00 7e e9 GETSTATUS reply 
2017-01-11 18:43:39  (00,00)  02 ff 02 01 66 00 02 82 20 18 00 16 00 00 00 00 02 6d 00 00 00 00 00 00 00 af 04 00 00 6d 0f 00 00 00 7e f8 GETSTATUS reply 
2017-01-11 18:44:10  (00,00)  02 ff 02 01 66 00 02 82 20 18 00 16 00 00 00 00 02 6d 00 00 00 00 00 00 00 af 04 00 00 6d 0f 00 00 00 7e f8 GETSTATUS reply 
2017-01-11 18:44:41  (00,00)  02 ff 02 01 66 00 02 82 20 18 00 16 00 00 00 00 02 6d 00 00 00 00 00 00 00 af 04 00 00 6d 0f 00 00 00 7e f8 GETSTATUS reply 
2017-01-11 18:45:09  (00,00)  02 ff 02 01 66 00 02 82 20 18 00 16 00 00 00 00 02 6d 00 00 00 00 00 00 00 af 04 00 00 6d 0f 00 00 00 7e f8 GETSTATUS reply 
2017-01-11 18:45:39  (00,00)  02 ff 02 01 66 00 02 82 20 18 00 16 00 00 00 00 02 6d 00 00 00 00 00 00 00 af 04 00 00 6d 0f 00 00 00 7e f8 GETSTATUS reply 
2017-01-11 18:46:09  (00,00)  02 ff 02 01 66 00 02 82 20 18 00 16 00 00 00 00 02 6d 00 00 00 00 00 00 00 af 04 00 00 6d 0f 00 00 00 7e f8 GETSTATUS reply 
2017-01-11 18:46:39  (00,00)  02 ff 02 01 66 00 02 82 20 18 00 16 00 00 00 00 02 6d 00 00 00 00 00 00 00 af 04 00 00 6d 0f 00 00 00 7e f8 GETSTATUS reply 
2017-01-11 18:47:10  (00,00)  02 ff 02 01 66 00 02 82 20 18 00 16 00 00 00 00 02 6d 0f 00 00 00 00 00 00 af 04 00 00 6d 0f 00 00 00 7e e9 GETSTATUS reply 
2017-01-11 18:47:42  (00,00)  02 ff 02 01 66 00 02 82 20 18 00 16 00 00 00 00 02 6d 00 00 00 00 00 00 00 af 04 00 00 6d 0f 00 00 00 7e f8 GETSTATUS reply 
2017-01-11 18:48:12  (00,00)  02 ff 02 01 66 00 02 82 20 18 00 16 00 00 00 00 02 6d 00 00 00 00 00 00 00 af 04 00 00 6d 0f 00 00 00 7e f8 GETSTATUS reply 
2017-01-11 18:48:38  (00,00)  02 ff 02 01 66 00 02 82 20 18 00 16 00 00 00 00 02 6d 00 00 00 00 00 00 00 af 04 00 00 6d 0f 00 00 00 7e f8 GETSTATUS reply 
2017-01-11 18:49:09  (00,00)  02 ff 02 01 66 00 02 82 20 18 00 16 00 00 00 00 02 6d 00 00 00 00 00 00 00 af 04 00 00 6d 0f 00 00 00 7e f8 GETSTATUS reply 
2017-01-11 18:49:42  (00,00)  02 ff 02 01 66 00 02 82 20 18 00 16 00 00 00 00 02 6d 00 00 00 00 00 00 00 af 04 00 00 6d 0f 00 00 00 7e f8 GETSTATUS reply 
2017-01-11 18:50:11  (00,00)  02 ff 02 01 66 00 02 82 20 18 00 16 00 00 00 00 02 6d 00 00 00 00 00 00 00 af 04 00 00 6d 0f 00 00 00 7e f8 GETSTATUS reply 
2017-01-11 18:50:38  (00,00)  02 ff 02 01 66 00 02 82 20 18 00 16 00 00 00 00 02 6d 00 00 00 00 00 00 00 af 04 00 00 6d 0f 00 00 00 7e f8 GETSTATUS reply 
2017-01-11 18:51:10  (00,00)  02 ff 02 01 66 00 02 82 20 18 00 16 00 00 00 00 02 6d 00 00 00 00 00 00 00 af 04 00 00 6d 0f 00 00 00 7e f8 GETSTATUS reply 
2017-01-11 18:51:41  (00,00)  02 ff 02 01 66 00 02 82 20 18 00 16 00 00 00 00 02 36 0f 00 00 00 00 00 00 52 02 00 00 36 0f 00 00 00 63 d2 GETSTATUS reply
