Sync Begin
01 ff 02 00 00 00 a5 00 a0 11 00 00 00 09 10 04 1c 2b 50 02 8d 73 5f c2 b6 ef 34 48 fd 
sync finished
Decode Begin
2020-04-11 12:25:46  (00,00)  New SessionID[1]  A1 63 6A 64 2D 28 95 17 
2020-04-11 12:25:46  (00,00)  New MacID[1]  00 00 13 43 54 33 30 30 
2020-04-11 12:25:46  (00,00)  New SessionID[5]  05 6B 38 70 0A 7B E7 EA 
2020-04-11 12:25:46  (00,00)  New MacID[5]  00 00 09 0F 06 16 28 11 
2020-04-11 12:25:50  (00,00)  01 ff 02 02 01 00 02 01 20 00 08 24 GETCFG request 
2020-04-11 12:25:51  (00,00)  ff 01 02 02 01 00 01 81 20 14 00 12 00 ff 00 00 00 00 00 00 63 2d b0 00 80 00 00 00 00 00 a3 21 GETCFG reply 
2020-04-11 12:26:20  (00,00)  01 ff 02 02 01 00 02 01 20 00 08 24 GETCFG request 
2020-04-11 12:26:20  (00,00)  ff 01 02 02 01 00 01 81 20 14 00 12 00 ff 00 00 00 00 00 00 63 2d b0 00 80 00 00 00 00 00 a3 21 GETCFG reply 
2020-04-11 12:26:31  (00,00)  ff 01 02 02 02 00 01 03 20 05 66 00 60 00 20 86 b7 Fan request  16%, 
2020-04-11 12:26:31  (00,00)  01 ff 02 02 02 00 02 83 20 05 66 00 60 00 20 f6 c5 ACK reply 
2020-04-11 12:26:35  (00,00)  ff 01 02 02 02 00 01 03 20 05 66 00 60 00 32 62 c9 Fan request  25%, 
2020-04-11 12:26:35  (00,00)  01 ff 02 02 02 00 02 83 20 05 66 00 60 00 32 d2 d7 ACK reply 
2020-04-11 12:26:35  (00,00)  ff 01 02 02 02 00 01 03 20 04 64 00 60 00 78 e8 Heat request 
2020-04-11 12:26:36  (00,00)  01 ff 02 02 02 00 02 83 20 04 64 00 60 00 6a 75 ACK reply 
2020-04-11 12:26:36  (00,00)  ff 01 02 02 05 00 01 03 20 04 64 00 60 00 57 07 Heat request 
2020-04-11 12:26:36  (00,00)  02 ff 02 02 05 00 01 03 20 04 64 00 60 00 47 16 Heat request 
2020-04-11 12:26:37  (00,00)  ff 02 02 02 05 00 05 83 20 04 64 00 60 00 21 b7 ACK reply 
2020-04-11 12:26:37  (00,00)  01 ff 02 02 05 00 05 83 20 04 64 00 60 00 2e ab ACK reply 
2020-04-11 12:26:52  (00,00)  01 ff 02 02 01 00 02 01 20 00 08 24 GETCFG request 
2020-04-11 12:26:52  (00,00)  ff 01 02 02 01 00 01 81 20 14 00 12 00 ff 00 00 00 00 00 00 63 2d b0 00 80 00 00 00 00 00 a3 21 GETCFG reply 
2020-04-11 12:27:12  (00,00)  ff 01 02 02 05 00 01 07 20 00 d9 49 OAT request 
2020-04-11 12:27:12  (00,00)  02 ff 02 02 05 00 01 07 20 00 cd 54 OAT request 
2020-04-11 12:27:13  (00,00)  ff 02 02 02 05 00 05 87 20 04 00 02 42 83 42 8f OAT reply 52.1F 
2020-04-11 12:27:13  (00,00)  01 ff 02 02 05 00 05 87 20 04 00 02 42 83 4f 83 OAT reply 52.1F 
2020-04-11 12:27:18  (00,00)  01 ff 02 02 01 00 02 01 20 00 08 24 GETCFG request 
2020-04-11 12:27:19  (00,00)  ff 01 02 02 01 00 01 81 20 14 00 12 00 ff 00 00 00 00 00 00 63 2d b0 00 80 00 00 00 00 00 a3 21 GETCFG reply 
2020-04-11 12:27:48  (00,00)  01 ff 02 02 01 00 02 01 20 00 08 24 GETCFG request 
2020-04-11 12:27:48  (00,00)  ff 01 02 02 01 00 01 81 20 14 00 12 00 ff 00 00 00 00 00 00 63 2d b0 00 80 00 00 00 00 00 a3 21 GETCFG reply 
2020-04-11 12:28:17  (00,00)  01 ff 02 02 01 00 02 01 20 00 08 24 GETCFG request 
2020-04-11 12:28:18  (00,00)  ff 01 02 02 01 00 01 81 20 14 00 12 00 ff 00 00 00 00 00 00 63 2d b0 00 80 00 00 00 00 00 a3 21 GETCFG reply 
2020-04-11 12:28:32  (00,00)  ff 01 02 02 02 00 01 03 20 05 66 00 60 00 20 86 b7 Fan request  16%, 
2020-04-11 12:28:32  (00,00)  01 ff 02 02 02 00 02 83 20 05 66 00 60 00 20 f6 c5 ACK reply 
2020-04-11 12:28:32  (00,00)  ff 01 02 02 02 00 01 03 20 04 64 00 60 00 78 e8 Heat request 
2020-04-11 12:28:33  (00,00)  01 ff 02 02 02 00 02 83 20 04 64 00 60 00 6a 75 ACK reply 
2020-04-11 12:28:39  (00,00)  ff 02 02 02 01 00 05 05 20 04 05 00 00 00 3f db DIAG request 
2020-04-11 12:28:39  (00,00)  01 ff 02 02 01 00 05 05 20 04 05 00 00 00 4c cf DIAG request 
2020-04-11 12:28:39  (00,00)  ff 01 02 02 01 00 01 85 20 02 ac 06 33 c0 DIAG reply 
2020-04-11 12:28:40  (00,00)  02 ff 02 02 01 00 01 85 20 02 ac 06 25 cd DIAG reply 
2020-04-11 12:28:40  (00,00)  ff 01 02 02 05 00 01 02 20 00 ed 3a GETSTATUS request 
2020-04-11 12:28:40  (00,00)  02 ff 02 02 05 00 01 02 20 00 e1 45 GETSTATUS request 
2020-04-11 12:28:41  (00,00)  ff 02 02 02 05 00 05 82 20 0e 00 0c 00 00 00 00 00 00 00 00 00 0f 00 00 ec 8c GETSTATUS reply 
2020-04-11 12:28:41  (00,00)  01 ff 02 02 05 00 05 82 20 0e 00 0c 00 00 00 00 00 00 00 00 00 0f 00 00 04 76 GETSTATUS reply 
2020-04-11 12:28:50  (00,00)  01 ff 02 02 01 00 02 01 20 00 08 24 GETCFG request 
2020-04-11 12:28:51  (00,00)  ff 01 02 02 01 00 01 81 20 14 00 12 00 ff 00 00 00 00 00 00 63 2d b0 00 80 00 00 00 00 00 a3 21 GETCFG reply 
2020-04-11 12:29:20  (00,00)  01 ff 02 02 01 00 02 01 20 00 08 24 GETCFG request 
2020-04-11 12:29:20  (00,00)  ff 01 02 02 01 00 01 81 20 14 00 12 00 ff 00 00 00 00 00 00 63 2d b0 00 80 00 00 00 00 00 a3 21 GETCFG reply 
2020-04-11 12:29:50  (00,00)  01 ff 02 02 01 00 02 01 20 00 08 24 GETCFG request 
2020-04-11 12:29:50  (00,00)  ff 01 02 02 01 00 01 81 20 14 00 12 00 ff 00 00 00 00 00 00 63 2d b0 00 80 00 00 00 00 00 a3 21 GETCFG reply 
2020-04-11 12:30:19  (00,00)  01 ff 02 02 01 00 02 01 20 00 08 24 GETCFG request 
2020-04-11 12:30:20  (00,00)  ff 01 02 02 01 00 01 81 20 14 00 12 00 ff 00 00 00 00 00 00 63 2d b0 00 80 00 00 00 00 00 a3 21 GETCFG reply 
2020-04-11 12:30:49  (00,00)  01 ff 02 02 01 00 02 01 20 00 08 24 GETCFG request 
2020-04-11 12:30:49  (00,00)  ff 01 02 02 01 00 01 81 20 14 00 12 00 ff 00 00 00 00 00 00 63 2d b0 00 80 00 00 00 00 00 a3 21 GETCFG reply 
2020-04-11 12:31:18  (00,00)  01 ff 02 02 01 00 02 01 20 00 08 24 GETCFG request 
2020-04-11 12:31:19  (00,00)  ff 01 02 02 01 00 01 81 20 14 00 12 00 ff 00 00 00 00 00 00 63 2d b0 00 80 00 00 00 00 00 a3 21 GETCFG reply 
2020-04-11 12:31:24  (00,00)  ff 01 02 02 02 00 01 03 20 05 66 00 60 00 22 82 b9 Fan request  17%, 
2020-04-11 12:31:24  (00,00)  01 ff 02 02 02 00 02 83 20 05 66 00 60 00 22 f2 c7 ACK reply 
2020-04-11 12:31:25  (00,00)  ff 01 02 02 05 00 01 03 20 04 64 00 60 22 13 29 Heat request 17%, 
2020-04-11 12:31:25  (00,00)  02 ff 02 02 05 00 01 03 20 04 64 00 60 22 03 38 Heat request 17%, 
2020-04-11 12:31:25  (00,00)  ff 02 02 02 05 00 05 83 20 04 64 00 60 22 dc d9 ACK reply 
2020-04-11 12:31:26  (00,00)  01 ff 02 02 05 00 05 83 20 04 64 00 60 22 e9 cd ACK reply 
2020-04-11 12:31:30  (00,00)  ff 01 02 02 05 00 01 07 20 00 d9 49 OAT request 
2020-04-11 12:31:30  (00,00)  02 ff 02 02 05 00 01 07 20 00 cd 54 OAT request 
2020-04-11 12:31:30  (00,00)  ff 02 02 02 05 00 05 87 20 04 00 02 4a 83 2a 9f OAT reply 52.6F 
2020-04-11 12:31:31  (00,00)  01 ff 02 02 05 00 05 87 20 04 00 02 4a 83 37 93 OAT reply 52.6F 
2020-04-11 12:31:32  (00,00)  ff 02 02 01 66 00 05 03 20 06 66 00 60 02 36 0f 0d a0 Fan request  27%, 
2020-04-11 12:31:32  (00,00)  02 ff 02 01 66 00 02 83 20 06 66 00 60 02 36 0f 27 09 ACK reply 
2020-04-11 12:31:52  (00,00)  01 ff 02 02 01 00 02 01 20 00 08 24 GETCFG request 
2020-04-11 12:31:52  (00,00)  ff 01 02 02 01 00 01 81 20 14 00 12 00 ff 00 00 00 00 00 00 63 2d b0 00 80 00 00 00 00 00 a3 21 GETCFG reply 
2020-04-11 12:32:02  (00,00)  ff 02 02 01 66 00 05 03 20 06 66 00 60 02 6d 0f 67 0f Fan request  54%, 
2020-04-11 12:32:02  (00,00)  02 ff 02 01 66 00 02 83 20 06 66 00 60 02 6d 0f 81 77 ACK reply 
2020-04-11 12:32:07  (00,00)  ff 02 02 01 66 00 05 02 20 00 2e 94 GETSTATUS request 
2020-04-11 12:32:07  (00,00)  02 ff 02 01 66 00 02 82 20 18 00 16 00 00 00 00 02 6d 0f 00 00 00 00 00 00 af 04 00 00 6d 0f 00 00 00 7e e9 GETSTATUS reply 
2020-04-11 12:32:22  (00,00)  01 ff 02 02 01 00 02 01 20 00 08 24 GETCFG request 
2020-04-11 12:32:22  (00,00)  ff 01 02 02 01 00 01 81 20 14 00 12 00 ff 00 00 00 00 00 00 63 2d b0 00 80 00 00 00 00 00 a3 21 GETCFG reply 
2020-04-11 12:32:27  (00,00)  ff 01 02 02 02 00 01 03 20 05 66 00 60 00 24 7e bb Fan request  18%, 
2020-04-11 12:32:27  (00,00)  01 ff 02 02 02 00 02 83 20 05 66 00 60 00 24 ee c9 ACK reply 
2020-04-11 12:32:27  (00,00)  ff 01 02 02 05 00 01 03 20 04 64 00 60 24 0f 2b Heat request 18%, 
2020-04-11 12:32:28  (00,00)  02 ff 02 02 05 00 01 03 20 04 64 00 60 24 fe 3a Heat request 18%, 
2020-04-11 12:32:28  (00,00)  ff 02 02 02 05 00 05 83 20 04 64 00 60 24 d8 db ACK reply 
2020-04-11 12:32:28  (00,00)  01 ff 02 02 05 00 05 83 20 04 64 00 60 24 e5 cf ACK reply 
2020-04-11 12:32:34  (00,00)  ff 02 02 01 66 00 05 02 20 00 2e 94 GETSTATUS request 
2020-04-11 12:32:35  (00,00)  02 ff 02 01 66 00 02 82 20 18 00 16 00 00 00 00 02 6d 00 00 00 00 00 00 00 af 04 00 00 6d 0f 00 00 00 7e f8 GETSTATUS reply 
2020-04-11 12:32:49  (00,00)  01 ff 02 02 01 00 02 01 20 00 08 24 GETCFG request 
2020-04-11 12:32:49  (00,00)  ff 01 02 02 01 00 01 81 20 14 00 12 00 ff 00 00 00 00 00 00 63 2d b0 00 80 00 00 00 00 00 a3 21 GETCFG reply 
2020-04-11 12:33:04  (00,00)  ff 02 02 01 66 00 05 02 20 00 2e 94 GETSTATUS request 
2020-04-11 12:33:05  (00,00)  02 ff 02 01 66 00 02 82 20 18 00 16 00 00 00 00 02 6d 00 00 00 00 00 00 00 af 04 00 00 6d 0f 00 00 00 7e f8 GETSTATUS reply 
2020-04-11 12:33:19  (00,00)  01 ff 02 02 01 00 02 01 20 00 08 24 GETCFG request 
2020-04-11 12:33:19  (00,00)  ff 01 02 02 01 00 01 81 20 14 00 12 00 ff 00 00 00 00 00 00 63 2d b0 00 80 00 00 00 00 00 a3 21 GETCFG reply 
2020-04-11 12:33:24  (00,00)  ff 01 02 02 02 00 01 03 20 05 66 00 60 00 26 7a bd Fan request  19%, 
2020-04-11 12:33:25  (00,00)  01 ff 02 02 02 00 02 83 20 05 66 00 60 00 26 ea cb ACK reply
